<<<<<<< HEAD
d:\sem2\vra\assignment1\turtle_walking\turtle_walking\x64\debug\vc143.pdb
d:\sem2\vra\assignment1\turtle_walking\turtle_walking\x64\debug\vc143.idb
d:\sem2\vra\assignment1\turtle_walking\turtle_walking\x64\debug\main.obj
d:\sem2\vra\assignment1\turtle_walking\x64\debug\turtle_walking.exe
d:\sem2\vra\assignment1\turtle_walking\x64\debug\turtle_walking.pdb
d:\sem2\vra\assignment1\turtle_walking\x64\debug\freeglutd.dll
d:\sem2\vra\assignment1\turtle_walking\turtle_walking\x64\debug\turtle_walking.ilk
d:\sem2\vra\assignment1\turtle_walking\turtle_walking\x64\debug\turtle_walking.tlog\cl.command.1.tlog
d:\sem2\vra\assignment1\turtle_walking\turtle_walking\x64\debug\turtle_walking.tlog\cl.items.tlog
d:\sem2\vra\assignment1\turtle_walking\turtle_walking\x64\debug\turtle_walking.tlog\cl.read.1.tlog
d:\sem2\vra\assignment1\turtle_walking\turtle_walking\x64\debug\turtle_walking.tlog\cl.write.1.tlog
d:\sem2\vra\assignment1\turtle_walking\turtle_walking\x64\debug\turtle_walking.tlog\link.command.1.tlog
d:\sem2\vra\assignment1\turtle_walking\turtle_walking\x64\debug\turtle_walking.tlog\link.read.1.tlog
d:\sem2\vra\assignment1\turtle_walking\turtle_walking\x64\debug\turtle_walking.tlog\link.secondary.1.tlog
d:\sem2\vra\assignment1\turtle_walking\turtle_walking\x64\debug\turtle_walking.tlog\link.write.1.tlog
d:\sem2\vra\assignment1\turtle_walking\turtle_walking\x64\debug\turtle_walking.tlog\turtle_walking.write.1u.tlog
=======
d:\sem2\vra\assignment1\turtle_walking\turtle_walking\x64\debug\vc143.pdb
d:\sem2\vra\assignment1\turtle_walking\turtle_walking\x64\debug\vc143.idb
d:\sem2\vra\assignment1\turtle_walking\turtle_walking\x64\debug\main.obj
d:\sem2\vra\assignment1\turtle_walking\x64\debug\turtle_walking.exe
d:\sem2\vra\assignment1\turtle_walking\x64\debug\turtle_walking.pdb
d:\sem2\vra\assignment1\turtle_walking\x64\debug\freeglutd.dll
d:\sem2\vra\assignment1\turtle_walking\turtle_walking\x64\debug\turtle_walking.ilk
d:\sem2\vra\assignment1\turtle_walking\turtle_walking\x64\debug\turtle_walking.tlog\cl.command.1.tlog
d:\sem2\vra\assignment1\turtle_walking\turtle_walking\x64\debug\turtle_walking.tlog\cl.items.tlog
d:\sem2\vra\assignment1\turtle_walking\turtle_walking\x64\debug\turtle_walking.tlog\cl.read.1.tlog
d:\sem2\vra\assignment1\turtle_walking\turtle_walking\x64\debug\turtle_walking.tlog\cl.write.1.tlog
d:\sem2\vra\assignment1\turtle_walking\turtle_walking\x64\debug\turtle_walking.tlog\link.command.1.tlog
d:\sem2\vra\assignment1\turtle_walking\turtle_walking\x64\debug\turtle_walking.tlog\link.read.1.tlog
d:\sem2\vra\assignment1\turtle_walking\turtle_walking\x64\debug\turtle_walking.tlog\link.secondary.1.tlog
d:\sem2\vra\assignment1\turtle_walking\turtle_walking\x64\debug\turtle_walking.tlog\link.write.1.tlog
d:\sem2\vra\assignment1\turtle_walking\turtle_walking\x64\debug\turtle_walking.tlog\turtle_walking.write.1u.tlog
>>>>>>> a4605879329f4b3b8e3bf28cb67d28fcc6a2018f
